ARM GAS  C:\Users\USER\AppData\Local\Temp\ccQ2JMks.s 			page 1


   1              		.syntax unified
   2              		.cpu cortex-m3
   3              		.fpu softvfp
   4              		.eabi_attribute 20, 1
   5              		.eabi_attribute 21, 1
   6              		.eabi_attribute 23, 3
   7              		.eabi_attribute 24, 1
   8              		.eabi_attribute 25, 1
   9              		.eabi_attribute 26, 1
  10              		.eabi_attribute 30, 1
  11              		.eabi_attribute 34, 1
  12              		.eabi_attribute 18, 4
  13              		.thumb
  14              		.syntax unified
  15              		.file	"cymetadata.c"
  16              		.text
  17              	.Ltext0:
  18              		.cfi_sections	.debug_frame
  19              		.global	cy_metadata
  20              		.global	cy_meta_flashprotect
  21              		.global	cy_meta_wonvl
  22              		.global	cy_meta_custnvl
  23              		.global	cy_meta_configecc
  24              		.section	.cyconfigecc,"a",%progbits
  25              		.align	2
  26              		.type	cy_meta_configecc, %object
  27              		.size	cy_meta_configecc, 1472
  28              	cy_meta_configecc:
  29 0000 01       		.byte	1
  30 0001 45       		.byte	69
  31 0002 00       		.byte	0
  32 0003 40       		.byte	64
  33 0004 03       		.byte	3
  34 0005 52       		.byte	82
  35 0006 00       		.byte	0
  36 0007 40       		.byte	64
  37 0008 01       		.byte	1
  38 0009 5A       		.byte	90
  39 000a 00       		.byte	0
  40 000b 40       		.byte	64
  41 000c 02       		.byte	2
  42 000d 64       		.byte	100
  43 000e 00       		.byte	0
  44 000f 40       		.byte	64
  45 0010 02       		.byte	2
  46 0011 65       		.byte	101
  47 0012 00       		.byte	0
  48 0013 40       		.byte	64
  49 0014 18       		.byte	24
  50 0015 04       		.byte	4
  51 0016 01       		.byte	1
  52 0017 40       		.byte	64
  53 0018 3D       		.byte	61
  54 0019 05       		.byte	5
  55 001a 01       		.byte	1
  56 001b 40       		.byte	64
  57 001c 50       		.byte	80
ARM GAS  C:\Users\USER\AppData\Local\Temp\ccQ2JMks.s 			page 2


  58 001d 06       		.byte	6
  59 001e 01       		.byte	1
  60 001f 40       		.byte	64
  61 0020 39       		.byte	57
  62 0021 07       		.byte	7
  63 0022 01       		.byte	1
  64 0023 40       		.byte	64
  65 0024 01       		.byte	1
  66 0025 09       		.byte	9
  67 0026 01       		.byte	1
  68 0027 40       		.byte	64
  69 0028 02       		.byte	2
  70 0029 0B       		.byte	11
  71 002a 01       		.byte	1
  72 002b 40       		.byte	64
  73 002c 10       		.byte	16
  74 002d 14       		.byte	20
  75 002e 01       		.byte	1
  76 002f 40       		.byte	64
  77 0030 52       		.byte	82
  78 0031 15       		.byte	21
  79 0032 01       		.byte	1
  80 0033 40       		.byte	64
  81 0034 4D       		.byte	77
  82 0035 16       		.byte	22
  83 0036 01       		.byte	1
  84 0037 40       		.byte	64
  85 0038 48       		.byte	72
  86 0039 17       		.byte	23
  87 003a 01       		.byte	1
  88 003b 40       		.byte	64
  89 003c 01       		.byte	1
  90 003d 1B       		.byte	27
  91 003e 01       		.byte	1
  92 003f 40       		.byte	64
  93 0040 04       		.byte	4
  94 0041 40       		.byte	64
  95 0042 01       		.byte	1
  96 0043 40       		.byte	64
  97 0044 02       		.byte	2
  98 0045 41       		.byte	65
  99 0046 01       		.byte	1
 100 0047 40       		.byte	64
 101 0048 02       		.byte	2
 102 0049 42       		.byte	66
 103 004a 01       		.byte	1
 104 004b 40       		.byte	64
 105 004c 02       		.byte	2
 106 004d 43       		.byte	67
 107 004e 01       		.byte	1
 108 004f 40       		.byte	64
 109 0050 06       		.byte	6
 110 0051 45       		.byte	69
 111 0052 01       		.byte	1
 112 0053 40       		.byte	64
 113 0054 05       		.byte	5
 114 0055 46       		.byte	70
ARM GAS  C:\Users\USER\AppData\Local\Temp\ccQ2JMks.s 			page 3


 115 0056 01       		.byte	1
 116 0057 40       		.byte	64
 117 0058 04       		.byte	4
 118 0059 47       		.byte	71
 119 005a 01       		.byte	1
 120 005b 40       		.byte	64
 121 005c 07       		.byte	7
 122 005d 48       		.byte	72
 123 005e 01       		.byte	1
 124 005f 40       		.byte	64
 125 0060 08       		.byte	8
 126 0061 49       		.byte	73
 127 0062 01       		.byte	1
 128 0063 40       		.byte	64
 129 0064 01       		.byte	1
 130 0065 4C       		.byte	76
 131 0066 01       		.byte	1
 132 0067 40       		.byte	64
 133 0068 02       		.byte	2
 134 0069 4D       		.byte	77
 135 006a 01       		.byte	1
 136 006b 40       		.byte	64
 137 006c 04       		.byte	4
 138 006d 50       		.byte	80
 139 006e 01       		.byte	1
 140 006f 40       		.byte	64
 141 0070 02       		.byte	2
 142 0071 51       		.byte	81
 143 0072 01       		.byte	1
 144 0073 40       		.byte	64
 145 0074 19       		.byte	25
 146 0075 02       		.byte	2
 147 0076 10       		.byte	16
 148 0077 10       		.byte	16
 149 0078 19       		.byte	25
 150 0079 80       		.byte	-128
 151 007a 1C       		.byte	28
 152 007b 40       		.byte	64
 153 007c 9F       		.byte	-97
 154 007d 01       		.byte	1
 155 007e 84       		.byte	-124
 156 007f 0F       		.byte	15
 157 0080 86       		.byte	-122
 158 0081 72       		.byte	114
 159 0082 84       		.byte	-124
 160 0083 0F       		.byte	15
 161 0084 86       		.byte	-122
 162 0085 38       		.byte	56
 163 0086 85       		.byte	-123
 164 0087 03       		.byte	3
 165 0088 87       		.byte	-121
 166 0089 0C       		.byte	12
 167 008a 88       		.byte	-120
 168 008b 0E       		.byte	14
 169 008c 94       		.byte	-108
 170 008d 05       		.byte	5
 171 008e 95       		.byte	-107
ARM GAS  C:\Users\USER\AppData\Local\Temp\ccQ2JMks.s 			page 4


 172 008f 05       		.byte	5
 173 0090 96       		.byte	-106
 174 0091 3A       		.byte	58
 175 0092 97       		.byte	-105
 176 0093 0A       		.byte	10
 177 0094 98       		.byte	-104
 178 0095 23       		.byte	35
 179 0096 9A       		.byte	-102
 180 0097 04       		.byte	4
 181 0098 9D       		.byte	-99
 182 0099 02       		.byte	2
 183 009a 9E       		.byte	-98
 184 009b 10       		.byte	16
 185 009c 9F       		.byte	-97
 186 009d 0D       		.byte	13
 187 009e A0       		.byte	-96
 188 009f 04       		.byte	4
 189 00a0 A2       		.byte	-94
 190 00a1 39       		.byte	57
 191 00a2 AD       		.byte	-83
 192 00a3 09       		.byte	9
 193 00a4 AF       		.byte	-81
 194 00a5 06       		.byte	6
 195 00a6 B1       		.byte	-79
 196 00a7 0F       		.byte	15
 197 00a8 B4       		.byte	-76
 198 00a9 0F       		.byte	15
 199 00aa B6       		.byte	-74
 200 00ab 30       		.byte	48
 201 00ac B8       		.byte	-72
 202 00ad 20       		.byte	32
 203 00ae BB       		.byte	-69
 204 00af 02       		.byte	2
 205 00b0 D8       		.byte	-40
 206 00b1 04       		.byte	4
 207 00b2 D9       		.byte	-39
 208 00b3 04       		.byte	4
 209 00b4 DF       		.byte	-33
 210 00b5 01       		.byte	1
 211 00b6 00       		.byte	0
 212 00b7 10       		.byte	16
 213 00b8 01       		.byte	1
 214 00b9 02       		.byte	2
 215 00ba 03       		.byte	3
 216 00bb 02       		.byte	2
 217 00bc 05       		.byte	5
 218 00bd 10       		.byte	16
 219 00be 08       		.byte	8
 220 00bf 48       		.byte	72
 221 00c0 09       		.byte	9
 222 00c1 48       		.byte	72
 223 00c2 0A       		.byte	10
 224 00c3 41       		.byte	65
 225 00c4 0B       		.byte	11
 226 00c5 04       		.byte	4
 227 00c6 0D       		.byte	13
 228 00c7 08       		.byte	8
ARM GAS  C:\Users\USER\AppData\Local\Temp\ccQ2JMks.s 			page 5


 229 00c8 0E       		.byte	14
 230 00c9 02       		.byte	2
 231 00ca 0F       		.byte	15
 232 00cb 04       		.byte	4
 233 00cc 10       		.byte	16
 234 00cd 28       		.byte	40
 235 00ce 11       		.byte	17
 236 00cf 01       		.byte	1
 237 00d0 12       		.byte	18
 238 00d1 02       		.byte	2
 239 00d2 14       		.byte	20
 240 00d3 80       		.byte	-128
 241 00d4 18       		.byte	24
 242 00d5 14       		.byte	20
 243 00d6 19       		.byte	25
 244 00d7 40       		.byte	64
 245 00d8 1A       		.byte	26
 246 00d9 80       		.byte	-128
 247 00da 1D       		.byte	29
 248 00db 10       		.byte	16
 249 00dc 1E       		.byte	30
 250 00dd 02       		.byte	2
 251 00de 20       		.byte	32
 252 00df 08       		.byte	8
 253 00e0 21       		.byte	33
 254 00e1 08       		.byte	8
 255 00e2 22       		.byte	34
 256 00e3 12       		.byte	18
 257 00e4 23       		.byte	35
 258 00e5 04       		.byte	4
 259 00e6 24       		.byte	36
 260 00e7 40       		.byte	64
 261 00e8 27       		.byte	39
 262 00e9 80       		.byte	-128
 263 00ea 28       		.byte	40
 264 00eb 80       		.byte	-128
 265 00ec 2A       		.byte	42
 266 00ed 40       		.byte	64
 267 00ee 2F       		.byte	47
 268 00ef 02       		.byte	2
 269 00f0 30       		.byte	48
 270 00f1 40       		.byte	64
 271 00f2 31       		.byte	49
 272 00f3 08       		.byte	8
 273 00f4 32       		.byte	50
 274 00f5 12       		.byte	18
 275 00f6 34       		.byte	52
 276 00f7 08       		.byte	8
 277 00f8 37       		.byte	55
 278 00f9 80       		.byte	-128
 279 00fa 39       		.byte	57
 280 00fb 55       		.byte	85
 281 00fc 3F       		.byte	63
 282 00fd 04       		.byte	4
 283 00fe 40       		.byte	64
 284 00ff 84       		.byte	-124
 285 0100 41       		.byte	65
ARM GAS  C:\Users\USER\AppData\Local\Temp\ccQ2JMks.s 			page 6


 286 0101 08       		.byte	8
 287 0102 43       		.byte	67
 288 0103 02       		.byte	2
 289 0104 48       		.byte	72
 290 0105 04       		.byte	4
 291 0106 49       		.byte	73
 292 0107 06       		.byte	6
 293 0108 4B       		.byte	75
 294 0109 80       		.byte	-128
 295 010a 52       		.byte	82
 296 010b 54       		.byte	84
 297 010c 60       		.byte	96
 298 010d 40       		.byte	64
 299 010e 68       		.byte	104
 300 010f 28       		.byte	40
 301 0110 69       		.byte	105
 302 0111 55       		.byte	85
 303 0112 6A       		.byte	106
 304 0113 40       		.byte	64
 305 0114 72       		.byte	114
 306 0115 01       		.byte	1
 307 0116 8B       		.byte	-117
 308 0117 40       		.byte	64
 309 0118 94       		.byte	-108
 310 0119 10       		.byte	16
 311 011a A8       		.byte	-88
 312 011b 10       		.byte	16
 313 011c C0       		.byte	-64
 314 011d 4B       		.byte	75
 315 011e C2       		.byte	-62
 316 011f EF       		.byte	-17
 317 0120 C4       		.byte	-60
 318 0121 1F       		.byte	31
 319 0122 CA       		.byte	-54
 320 0123 19       		.byte	25
 321 0124 CC       		.byte	-52
 322 0125 5F       		.byte	95
 323 0126 CE       		.byte	-50
 324 0127 4F       		.byte	79
 325 0128 D0       		.byte	-48
 326 0129 07       		.byte	7
 327 012a D2       		.byte	-46
 328 012b 0C       		.byte	12
 329 012c D8       		.byte	-40
 330 012d 01       		.byte	1
 331 012e EC       		.byte	-20
 332 012f 01       		.byte	1
 333 0130 11       		.byte	17
 334 0131 03       		.byte	3
 335 0132 19       		.byte	25
 336 0133 01       		.byte	1
 337 0134 1B       		.byte	27
 338 0135 02       		.byte	2
 339 0136 24       		.byte	36
 340 0137 01       		.byte	1
 341 0138 25       		.byte	37
 342 0139 01       		.byte	1
ARM GAS  C:\Users\USER\AppData\Local\Temp\ccQ2JMks.s 			page 7


 343 013a 27       		.byte	39
 344 013b 02       		.byte	2
 345 013c 28       		.byte	40
 346 013d 01       		.byte	1
 347 013e 29       		.byte	41
 348 013f 03       		.byte	3
 349 0140 2C       		.byte	44
 350 0141 01       		.byte	1
 351 0142 31       		.byte	49
 352 0143 02       		.byte	2
 353 0144 32       		.byte	50
 354 0145 01       		.byte	1
 355 0146 35       		.byte	53
 356 0147 01       		.byte	1
 357 0148 39       		.byte	57
 358 0149 02       		.byte	2
 359 014a 3F       		.byte	63
 360 014b 10       		.byte	16
 361 014c 56       		.byte	86
 362 014d 02       		.byte	2
 363 014e 57       		.byte	87
 364 014f 11       		.byte	17
 365 0150 58       		.byte	88
 366 0151 04       		.byte	4
 367 0152 59       		.byte	89
 368 0153 04       		.byte	4
 369 0154 5B       		.byte	91
 370 0155 04       		.byte	4
 371 0156 5C       		.byte	92
 372 0157 22       		.byte	34
 373 0158 5D       		.byte	93
 374 0159 20       		.byte	32
 375 015a 5F       		.byte	95
 376 015b 01       		.byte	1
 377 015c 80       		.byte	-128
 378 015d 8D       		.byte	-115
 379 015e 81       		.byte	-127
 380 015f 14       		.byte	20
 381 0160 84       		.byte	-124
 382 0161 11       		.byte	17
 383 0162 86       		.byte	-122
 384 0163 22       		.byte	34
 385 0164 87       		.byte	-121
 386 0165 03       		.byte	3
 387 0166 89       		.byte	-119
 388 0167 30       		.byte	48
 389 0168 8A       		.byte	-118
 390 0169 80       		.byte	-128
 391 016a 8B       		.byte	-117
 392 016b 0C       		.byte	12
 393 016c 8C       		.byte	-116
 394 016d 42       		.byte	66
 395 016e 8D       		.byte	-115
 396 016f 2C       		.byte	44
 397 0170 8E       		.byte	-114
 398 0171 08       		.byte	8
 399 0172 8F       		.byte	-113
ARM GAS  C:\Users\USER\AppData\Local\Temp\ccQ2JMks.s 			page 8


 400 0173 11       		.byte	17
 401 0174 90       		.byte	-112
 402 0175 0D       		.byte	13
 403 0176 92       		.byte	-110
 404 0177 80       		.byte	-128
 405 0178 94       		.byte	-108
 406 0179 62       		.byte	98
 407 017a 95       		.byte	-107
 408 017b 40       		.byte	64
 409 017c 96       		.byte	-106
 410 017d 14       		.byte	20
 411 017e 99       		.byte	-103
 412 017f 1C       		.byte	28
 413 0180 9B       		.byte	-101
 414 0181 22       		.byte	34
 415 0182 9C       		.byte	-100
 416 0183 02       		.byte	2
 417 0184 9D       		.byte	-99
 418 0185 09       		.byte	9
 419 0186 9E       		.byte	-98
 420 0187 0D       		.byte	13
 421 0188 9F       		.byte	-97
 422 0189 10       		.byte	16
 423 018a A0       		.byte	-96
 424 018b 40       		.byte	64
 425 018c A4       		.byte	-92
 426 018d 8D       		.byte	-115
 427 018e A5       		.byte	-91
 428 018f 10       		.byte	16
 429 0190 A8       		.byte	-88
 430 0191 8D       		.byte	-115
 431 0192 AC       		.byte	-84
 432 0193 8D       		.byte	-115
 433 0194 B0       		.byte	-80
 434 0195 70       		.byte	112
 435 0196 B3       		.byte	-77
 436 0197 1F       		.byte	31
 437 0198 B4       		.byte	-76
 438 0199 80       		.byte	-128
 439 019a B6       		.byte	-74
 440 019b 0F       		.byte	15
 441 019c B7       		.byte	-73
 442 019d 60       		.byte	96
 443 019e B9       		.byte	-71
 444 019f 80       		.byte	-128
 445 01a0 BA       		.byte	-70
 446 01a1 82       		.byte	-126
 447 01a2 BE       		.byte	-66
 448 01a3 10       		.byte	16
 449 01a4 C0       		.byte	-64
 450 01a5 04       		.byte	4
 451 01a6 C5       		.byte	-59
 452 01a7 04       		.byte	4
 453 01a8 C9       		.byte	-55
 454 01a9 FF       		.byte	-1
 455 01aa CA       		.byte	-54
 456 01ab 07       		.byte	7
ARM GAS  C:\Users\USER\AppData\Local\Temp\ccQ2JMks.s 			page 9


 457 01ac CB       		.byte	-53
 458 01ad FF       		.byte	-1
 459 01ae CC       		.byte	-52
 460 01af 40       		.byte	64
 461 01b0 CD       		.byte	-51
 462 01b1 20       		.byte	32
 463 01b2 CE       		.byte	-50
 464 01b3 F0       		.byte	-16
 465 01b4 CF       		.byte	-49
 466 01b5 05       		.byte	5
 467 01b6 D0       		.byte	-48
 468 01b7 08       		.byte	8
 469 01b8 D4       		.byte	-44
 470 01b9 09       		.byte	9
 471 01ba D8       		.byte	-40
 472 01bb 04       		.byte	4
 473 01bc D9       		.byte	-39
 474 01bd 04       		.byte	4
 475 01be DA       		.byte	-38
 476 01bf 04       		.byte	4
 477 01c0 DB       		.byte	-37
 478 01c1 04       		.byte	4
 479 01c2 DC       		.byte	-36
 480 01c3 20       		.byte	32
 481 01c4 DD       		.byte	-35
 482 01c5 02       		.byte	2
 483 01c6 DF       		.byte	-33
 484 01c7 01       		.byte	1
 485 01c8 E0       		.byte	-32
 486 01c9 40       		.byte	64
 487 01ca E1       		.byte	-31
 488 01cb A8       		.byte	-88
 489 01cc E2       		.byte	-30
 490 01cd 40       		.byte	64
 491 01ce E3       		.byte	-29
 492 01cf 20       		.byte	32
 493 01d0 00       		.byte	0
 494 01d1 08       		.byte	8
 495 01d2 01       		.byte	1
 496 01d3 11       		.byte	17
 497 01d4 02       		.byte	2
 498 01d5 04       		.byte	4
 499 01d6 03       		.byte	3
 500 01d7 02       		.byte	2
 501 01d8 08       		.byte	8
 502 01d9 08       		.byte	8
 503 01da 0A       		.byte	10
 504 01db 41       		.byte	65
 505 01dc 10       		.byte	16
 506 01dd 28       		.byte	40
 507 01de 11       		.byte	17
 508 01df 80       		.byte	-128
 509 01e0 12       		.byte	18
 510 01e1 40       		.byte	64
 511 01e2 13       		.byte	19
 512 01e3 02       		.byte	2
 513 01e4 15       		.byte	21
ARM GAS  C:\Users\USER\AppData\Local\Temp\ccQ2JMks.s 			page 10


 514 01e5 40       		.byte	64
 515 01e6 17       		.byte	23
 516 01e7 14       		.byte	20
 517 01e8 1A       		.byte	26
 518 01e9 01       		.byte	1
 519 01ea 1B       		.byte	27
 520 01eb 12       		.byte	18
 521 01ec 1D       		.byte	29
 522 01ed 08       		.byte	8
 523 01ee 21       		.byte	33
 524 01ef 84       		.byte	-124
 525 01f0 23       		.byte	35
 526 01f1 10       		.byte	16
 527 01f2 26       		.byte	38
 528 01f3 11       		.byte	17
 529 01f4 29       		.byte	41
 530 01f5 08       		.byte	8
 531 01f6 2F       		.byte	47
 532 01f7 14       		.byte	20
 533 01f8 31       		.byte	49
 534 01f9 80       		.byte	-128
 535 01fa 32       		.byte	50
 536 01fb 18       		.byte	24
 537 01fc 36       		.byte	54
 538 01fd 22       		.byte	34
 539 01fe 38       		.byte	56
 540 01ff 10       		.byte	16
 541 0200 39       		.byte	57
 542 0201 88       		.byte	-120
 543 0202 3B       		.byte	59
 544 0203 01       		.byte	1
 545 0204 40       		.byte	64
 546 0205 40       		.byte	64
 547 0206 49       		.byte	73
 548 0207 08       		.byte	8
 549 0208 52       		.byte	82
 550 0209 08       		.byte	8
 551 020a 59       		.byte	89
 552 020b 25       		.byte	37
 553 020c 5A       		.byte	90
 554 020d 80       		.byte	-128
 555 020e 5E       		.byte	94
 556 020f 20       		.byte	32
 557 0210 61       		.byte	97
 558 0211 40       		.byte	64
 559 0212 6D       		.byte	109
 560 0213 40       		.byte	64
 561 0214 6F       		.byte	111
 562 0215 14       		.byte	20
 563 0216 74       		.byte	116
 564 0217 80       		.byte	-128
 565 0218 76       		.byte	118
 566 0219 08       		.byte	8
 567 021a 77       		.byte	119
 568 021b 20       		.byte	32
 569 021c 90       		.byte	-112
 570 021d 04       		.byte	4
ARM GAS  C:\Users\USER\AppData\Local\Temp\ccQ2JMks.s 			page 11


 571 021e 91       		.byte	-111
 572 021f 01       		.byte	1
 573 0220 92       		.byte	-110
 574 0221 C0       		.byte	-64
 575 0222 98       		.byte	-104
 576 0223 08       		.byte	8
 577 0224 99       		.byte	-103
 578 0225 44       		.byte	68
 579 0226 9A       		.byte	-102
 580 0227 54       		.byte	84
 581 0228 A0       		.byte	-96
 582 0229 2C       		.byte	44
 583 022a A1       		.byte	-95
 584 022b 40       		.byte	64
 585 022c A7       		.byte	-89
 586 022d 02       		.byte	2
 587 022e B6       		.byte	-74
 588 022f 01       		.byte	1
 589 0230 C0       		.byte	-64
 590 0231 0F       		.byte	15
 591 0232 C2       		.byte	-62
 592 0233 0D       		.byte	13
 593 0234 C4       		.byte	-60
 594 0235 EF       		.byte	-17
 595 0236 CA       		.byte	-54
 596 0237 62       		.byte	98
 597 0238 CC       		.byte	-52
 598 0239 AE       		.byte	-82
 599 023a CE       		.byte	-50
 600 023b 0F       		.byte	15
 601 023c D0       		.byte	-48
 602 023d 01       		.byte	1
 603 023e D6       		.byte	-42
 604 023f 2F       		.byte	47
 605 0240 D8       		.byte	-40
 606 0241 08       		.byte	8
 607 0242 E8       		.byte	-24
 608 0243 10       		.byte	16
 609 0244 E6       		.byte	-26
 610 0245 80       		.byte	-128
 611 0246 EC       		.byte	-20
 612 0247 01       		.byte	1
 613 0248 00       		.byte	0
 614 0249 02       		.byte	2
 615 024a 06       		.byte	6
 616 024b 02       		.byte	2
 617 024c 08       		.byte	8
 618 024d 02       		.byte	2
 619 024e 10       		.byte	16
 620 024f 04       		.byte	4
 621 0250 14       		.byte	20
 622 0251 01       		.byte	1
 623 0252 26       		.byte	38
 624 0253 02       		.byte	2
 625 0254 2A       		.byte	42
 626 0255 02       		.byte	2
 627 0256 30       		.byte	48
ARM GAS  C:\Users\USER\AppData\Local\Temp\ccQ2JMks.s 			page 12


 628 0257 02       		.byte	2
 629 0258 32       		.byte	50
 630 0259 04       		.byte	4
 631 025a 36       		.byte	54
 632 025b 01       		.byte	1
 633 025c 3E       		.byte	62
 634 025d 45       		.byte	69
 635 025e 54       		.byte	84
 636 025f 01       		.byte	1
 637 0260 58       		.byte	88
 638 0261 04       		.byte	4
 639 0262 5B       		.byte	91
 640 0263 04       		.byte	4
 641 0264 5D       		.byte	93
 642 0265 20       		.byte	32
 643 0266 5F       		.byte	95
 644 0267 01       		.byte	1
 645 0268 00       		.byte	0
 646 0269 1A       		.byte	26
 647 026a 04       		.byte	4
 648 026b 08       		.byte	8
 649 026c 05       		.byte	5
 650 026d 80       		.byte	-128
 651 026e 06       		.byte	6
 652 026f 84       		.byte	-124
 653 0270 08       		.byte	8
 654 0271 01       		.byte	1
 655 0272 0B       		.byte	11
 656 0273 90       		.byte	-112
 657 0274 0C       		.byte	12
 658 0275 80       		.byte	-128
 659 0276 0D       		.byte	13
 660 0277 08       		.byte	8
 661 0278 0E       		.byte	14
 662 0279 04       		.byte	4
 663 027a 0F       		.byte	15
 664 027b 80       		.byte	-128
 665 027c 10       		.byte	16
 666 027d 30       		.byte	48
 667 027e 12       		.byte	18
 668 027f 08       		.byte	8
 669 0280 14       		.byte	20
 670 0281 80       		.byte	-128
 671 0282 15       		.byte	21
 672 0283 04       		.byte	4
 673 0284 17       		.byte	23
 674 0285 20       		.byte	32
 675 0286 18       		.byte	24
 676 0287 01       		.byte	1
 677 0288 19       		.byte	25
 678 0289 04       		.byte	4
 679 028a 1A       		.byte	26
 680 028b 40       		.byte	64
 681 028c 1C       		.byte	28
 682 028d 20       		.byte	32
 683 028e 1F       		.byte	31
 684 028f 14       		.byte	20
ARM GAS  C:\Users\USER\AppData\Local\Temp\ccQ2JMks.s 			page 13


 685 0290 24       		.byte	36
 686 0291 08       		.byte	8
 687 0292 25       		.byte	37
 688 0293 40       		.byte	64
 689 0294 26       		.byte	38
 690 0295 20       		.byte	32
 691 0296 27       		.byte	39
 692 0297 41       		.byte	65
 693 0298 2C       		.byte	44
 694 0299 84       		.byte	-124
 695 029a 2E       		.byte	46
 696 029b 84       		.byte	-124
 697 029c 2F       		.byte	47
 698 029d 02       		.byte	2
 699 029e 34       		.byte	52
 700 029f 80       		.byte	-128
 701 02a0 36       		.byte	54
 702 02a1 02       		.byte	2
 703 02a2 37       		.byte	55
 704 02a3 24       		.byte	36
 705 02a4 3A       		.byte	58
 706 02a5 04       		.byte	4
 707 02a6 3B       		.byte	59
 708 02a7 08       		.byte	8
 709 02a8 3C       		.byte	60
 710 02a9 20       		.byte	32
 711 02aa 3D       		.byte	61
 712 02ab 04       		.byte	4
 713 02ac 3E       		.byte	62
 714 02ad 0A       		.byte	10
 715 02ae 3F       		.byte	63
 716 02af 80       		.byte	-128
 717 02b0 45       		.byte	69
 718 02b1 08       		.byte	8
 719 02b2 46       		.byte	70
 720 02b3 04       		.byte	4
 721 02b4 47       		.byte	71
 722 02b5 45       		.byte	69
 723 02b6 4D       		.byte	77
 724 02b7 80       		.byte	-128
 725 02b8 4E       		.byte	78
 726 02b9 02       		.byte	2
 727 02ba 55       		.byte	85
 728 02bb 01       		.byte	1
 729 02bc 57       		.byte	87
 730 02bd 08       		.byte	8
 731 02be 58       		.byte	88
 732 02bf 11       		.byte	17
 733 02c0 59       		.byte	89
 734 02c1 04       		.byte	4
 735 02c2 5A       		.byte	90
 736 02c3 40       		.byte	64
 737 02c4 78       		.byte	120
 738 02c5 04       		.byte	4
 739 02c6 7A       		.byte	122
 740 02c7 20       		.byte	32
 741 02c8 83       		.byte	-125
ARM GAS  C:\Users\USER\AppData\Local\Temp\ccQ2JMks.s 			page 14


 742 02c9 40       		.byte	64
 743 02ca 84       		.byte	-124
 744 02cb 80       		.byte	-128
 745 02cc 87       		.byte	-121
 746 02cd 10       		.byte	16
 747 02ce 8C       		.byte	-116
 748 02cf 01       		.byte	1
 749 02d0 90       		.byte	-112
 750 02d1 10       		.byte	16
 751 02d2 92       		.byte	-110
 752 02d3 04       		.byte	4
 753 02d4 93       		.byte	-109
 754 02d5 90       		.byte	-112
 755 02d6 94       		.byte	-108
 756 02d7 08       		.byte	8
 757 02d8 97       		.byte	-105
 758 02d9 28       		.byte	40
 759 02da 9A       		.byte	-102
 760 02db 0A       		.byte	10
 761 02dc 9B       		.byte	-101
 762 02dd 20       		.byte	32
 763 02de 9C       		.byte	-100
 764 02df 80       		.byte	-128
 765 02e0 9E       		.byte	-98
 766 02e1 04       		.byte	4
 767 02e2 A0       		.byte	-96
 768 02e3 A5       		.byte	-91
 769 02e4 A1       		.byte	-95
 770 02e5 08       		.byte	8
 771 02e6 A2       		.byte	-94
 772 02e7 0A       		.byte	10
 773 02e8 A3       		.byte	-93
 774 02e9 02       		.byte	2
 775 02ea A5       		.byte	-91
 776 02eb 41       		.byte	65
 777 02ec A6       		.byte	-90
 778 02ed 20       		.byte	32
 779 02ee A7       		.byte	-89
 780 02ef 48       		.byte	72
 781 02f0 A9       		.byte	-87
 782 02f1 10       		.byte	16
 783 02f2 AA       		.byte	-86
 784 02f3 80       		.byte	-128
 785 02f4 AE       		.byte	-82
 786 02f5 12       		.byte	18
 787 02f6 C0       		.byte	-64
 788 02f7 FE       		.byte	-2
 789 02f8 C2       		.byte	-62
 790 02f9 FC       		.byte	-4
 791 02fa C4       		.byte	-60
 792 02fb 76       		.byte	118
 793 02fc CA       		.byte	-54
 794 02fd F0       		.byte	-16
 795 02fe CC       		.byte	-52
 796 02ff F0       		.byte	-16
 797 0300 CE       		.byte	-50
 798 0301 F0       		.byte	-16
ARM GAS  C:\Users\USER\AppData\Local\Temp\ccQ2JMks.s 			page 15


 799 0302 D0       		.byte	-48
 800 0303 F0       		.byte	-16
 801 0304 D2       		.byte	-46
 802 0305 10       		.byte	16
 803 0306 D6       		.byte	-42
 804 0307 0F       		.byte	15
 805 0308 E6       		.byte	-26
 806 0309 10       		.byte	16
 807 030a EC       		.byte	-20
 808 030b 20       		.byte	32
 809 030c 00       		.byte	0
 810 030d 26       		.byte	38
 811 030e 02       		.byte	2
 812 030f C0       		.byte	-64
 813 0310 03       		.byte	3
 814 0311 01       		.byte	1
 815 0312 06       		.byte	6
 816 0313 06       		.byte	6
 817 0314 08       		.byte	8
 818 0315 06       		.byte	6
 819 0316 0F       		.byte	15
 820 0317 02       		.byte	2
 821 0318 10       		.byte	16
 822 0319 4A       		.byte	74
 823 031a 12       		.byte	18
 824 031b 31       		.byte	49
 825 031c 13       		.byte	19
 826 031d 01       		.byte	1
 827 031e 16       		.byte	22
 828 031f 06       		.byte	6
 829 0320 18       		.byte	24
 830 0321 94       		.byte	-108
 831 0322 1A       		.byte	26
 832 0323 28       		.byte	40
 833 0324 22       		.byte	34
 834 0325 06       		.byte	6
 835 0326 24       		.byte	36
 836 0327 F8       		.byte	-8
 837 0328 28       		.byte	40
 838 0329 F8       		.byte	-8
 839 032a 2B       		.byte	43
 840 032b 02       		.byte	2
 841 032c 2C       		.byte	44
 842 032d 06       		.byte	6
 843 032e 30       		.byte	48
 844 032f E0       		.byte	-32
 845 0330 32       		.byte	50
 846 0331 01       		.byte	1
 847 0332 33       		.byte	51
 848 0333 01       		.byte	1
 849 0334 34       		.byte	52
 850 0335 18       		.byte	24
 851 0336 35       		.byte	53
 852 0337 02       		.byte	2
 853 0338 36       		.byte	54
 854 0339 06       		.byte	6
 855 033a 3B       		.byte	59
ARM GAS  C:\Users\USER\AppData\Local\Temp\ccQ2JMks.s 			page 16


 856 033b 02       		.byte	2
 857 033c 3F       		.byte	63
 858 033d 14       		.byte	20
 859 033e 54       		.byte	84
 860 033f 18       		.byte	24
 861 0340 56       		.byte	86
 862 0341 04       		.byte	4
 863 0342 58       		.byte	88
 864 0343 04       		.byte	4
 865 0344 59       		.byte	89
 866 0345 04       		.byte	4
 867 0346 5B       		.byte	91
 868 0347 04       		.byte	4
 869 0348 5C       		.byte	92
 870 0349 22       		.byte	34
 871 034a 5D       		.byte	93
 872 034b 20       		.byte	32
 873 034c 5F       		.byte	95
 874 034d 01       		.byte	1
 875 034e 80       		.byte	-128
 876 034f 03       		.byte	3
 877 0350 84       		.byte	-124
 878 0351 02       		.byte	2
 879 0352 85       		.byte	-123
 880 0353 18       		.byte	24
 881 0354 87       		.byte	-121
 882 0355 20       		.byte	32
 883 0356 88       		.byte	-120
 884 0357 03       		.byte	3
 885 0358 89       		.byte	-119
 886 0359 58       		.byte	88
 887 035a 8B       		.byte	-117
 888 035b A5       		.byte	-91
 889 035c 8D       		.byte	-115
 890 035d 58       		.byte	88
 891 035e 8F       		.byte	-113
 892 035f A3       		.byte	-93
 893 0360 97       		.byte	-105
 894 0361 69       		.byte	105
 895 0362 99       		.byte	-103
 896 0363 96       		.byte	-106
 897 0364 9B       		.byte	-101
 898 0365 61       		.byte	97
 899 0366 9F       		.byte	-97
 900 0367 86       		.byte	-122
 901 0368 A7       		.byte	-89
 902 0369 02       		.byte	2
 903 036a AA       		.byte	-86
 904 036b 01       		.byte	1
 905 036c B0       		.byte	-80
 906 036d 03       		.byte	3
 907 036e B3       		.byte	-77
 908 036f 3C       		.byte	60
 909 0370 B5       		.byte	-75
 910 0371 C3       		.byte	-61
 911 0372 B7       		.byte	-73
 912 0373 07       		.byte	7
ARM GAS  C:\Users\USER\AppData\Local\Temp\ccQ2JMks.s 			page 17


 913 0374 B8       		.byte	-72
 914 0375 02       		.byte	2
 915 0376 BB       		.byte	-69
 916 0377 A8       		.byte	-88
 917 0378 BE       		.byte	-66
 918 0379 01       		.byte	1
 919 037a C0       		.byte	-64
 920 037b 36       		.byte	54
 921 037c C1       		.byte	-63
 922 037d 05       		.byte	5
 923 037e C5       		.byte	-59
 924 037f BC       		.byte	-68
 925 0380 C6       		.byte	-58
 926 0381 0E       		.byte	14
 927 0382 C8       		.byte	-56
 928 0383 07       		.byte	7
 929 0384 C9       		.byte	-55
 930 0385 FF       		.byte	-1
 931 0386 CA       		.byte	-54
 932 0387 FF       		.byte	-1
 933 0388 CB       		.byte	-53
 934 0389 FF       		.byte	-1
 935 038a CE       		.byte	-50
 936 038b F0       		.byte	-16
 937 038c CF       		.byte	-49
 938 038d 44       		.byte	68
 939 038e D0       		.byte	-48
 940 038f 0C       		.byte	12
 941 0390 D4       		.byte	-44
 942 0391 40       		.byte	64
 943 0392 D8       		.byte	-40
 944 0393 04       		.byte	4
 945 0394 D9       		.byte	-39
 946 0395 04       		.byte	4
 947 0396 DA       		.byte	-38
 948 0397 04       		.byte	4
 949 0398 DB       		.byte	-37
 950 0399 04       		.byte	4
 951 039a DC       		.byte	-36
 952 039b 20       		.byte	32
 953 039c DD       		.byte	-35
 954 039d 02       		.byte	2
 955 039e DF       		.byte	-33
 956 039f 01       		.byte	1
 957 03a0 E6       		.byte	-26
 958 03a1 C0       		.byte	-64
 959 03a2 EA       		.byte	-22
 960 03a3 40       		.byte	64
 961 03a4 EB       		.byte	-21
 962 03a5 02       		.byte	2
 963 03a6 00       		.byte	0
 964 03a7 1A       		.byte	26
 965 03a8 04       		.byte	4
 966 03a9 08       		.byte	8
 967 03aa 05       		.byte	5
 968 03ab 01       		.byte	1
 969 03ac 06       		.byte	6
ARM GAS  C:\Users\USER\AppData\Local\Temp\ccQ2JMks.s 			page 18


 970 03ad 04       		.byte	4
 971 03ae 08       		.byte	8
 972 03af 08       		.byte	8
 973 03b0 09       		.byte	9
 974 03b1 04       		.byte	4
 975 03b2 0D       		.byte	13
 976 03b3 08       		.byte	8
 977 03b4 0E       		.byte	14
 978 03b5 04       		.byte	4
 979 03b6 0F       		.byte	15
 980 03b7 80       		.byte	-128
 981 03b8 12       		.byte	18
 982 03b9 08       		.byte	8
 983 03ba 14       		.byte	20
 984 03bb 80       		.byte	-128
 985 03bc 17       		.byte	23
 986 03bd 54       		.byte	84
 987 03be 18       		.byte	24
 988 03bf 40       		.byte	64
 989 03c0 1D       		.byte	29
 990 03c1 01       		.byte	1
 991 03c2 1E       		.byte	30
 992 03c3 25       		.byte	37
 993 03c4 1F       		.byte	31
 994 03c5 02       		.byte	2
 995 03c6 20       		.byte	32
 996 03c7 1A       		.byte	26
 997 03c8 21       		.byte	33
 998 03c9 40       		.byte	64
 999 03ca 22       		.byte	34
 1000 03cb 10       		.byte	16
 1001 03cc 25       		.byte	37
 1002 03cd 14       		.byte	20
 1003 03ce 26       		.byte	38
 1004 03cf 02       		.byte	2
 1005 03d0 27       		.byte	39
 1006 03d1 40       		.byte	64
 1007 03d2 29       		.byte	41
 1008 03d3 08       		.byte	8
 1009 03d4 2F       		.byte	47
 1010 03d5 08       		.byte	8
 1011 03d6 31       		.byte	49
 1012 03d7 80       		.byte	-128
 1013 03d8 32       		.byte	50
 1014 03d9 18       		.byte	24
 1015 03da 36       		.byte	54
 1016 03db 01       		.byte	1
 1017 03dc 38       		.byte	56
 1018 03dd 10       		.byte	16
 1019 03de 39       		.byte	57
 1020 03df 80       		.byte	-128
 1021 03e0 3B       		.byte	59
 1022 03e1 04       		.byte	4
 1023 03e2 3D       		.byte	61
 1024 03e3 82       		.byte	-126
 1025 03e4 40       		.byte	64
 1026 03e5 10       		.byte	16
ARM GAS  C:\Users\USER\AppData\Local\Temp\ccQ2JMks.s 			page 19


 1027 03e6 48       		.byte	72
 1028 03e7 21       		.byte	33
 1029 03e8 4A       		.byte	74
 1030 03e9 08       		.byte	8
 1031 03ea 4B       		.byte	75
 1032 03eb 05       		.byte	5
 1033 03ec 53       		.byte	83
 1034 03ed 40       		.byte	64
 1035 03ee 5E       		.byte	94
 1036 03ef 01       		.byte	1
 1037 03f0 62       		.byte	98
 1038 03f1 90       		.byte	-112
 1039 03f2 63       		.byte	99
 1040 03f3 20       		.byte	32
 1041 03f4 64       		.byte	100
 1042 03f5 08       		.byte	8
 1043 03f6 65       		.byte	101
 1044 03f7 02       		.byte	2
 1045 03f8 66       		.byte	102
 1046 03f9 80       		.byte	-128
 1047 03fa 85       		.byte	-123
 1048 03fb 02       		.byte	2
 1049 03fc 93       		.byte	-109
 1050 03fd 10       		.byte	16
 1051 03fe 94       		.byte	-108
 1052 03ff 50       		.byte	80
 1053 0400 95       		.byte	-107
 1054 0401 80       		.byte	-128
 1055 0402 96       		.byte	-106
 1056 0403 20       		.byte	32
 1057 0404 97       		.byte	-105
 1058 0405 29       		.byte	41
 1059 0406 99       		.byte	-103
 1060 0407 08       		.byte	8
 1061 0408 9A       		.byte	-102
 1062 0409 18       		.byte	24
 1063 040a 9B       		.byte	-101
 1064 040b 34       		.byte	52
 1065 040c A0       		.byte	-96
 1066 040d 80       		.byte	-128
 1067 040e A1       		.byte	-95
 1068 040f 88       		.byte	-120
 1069 0410 A2       		.byte	-94
 1070 0411 89       		.byte	-119
 1071 0412 A3       		.byte	-93
 1072 0413 10       		.byte	16
 1073 0414 A6       		.byte	-90
 1074 0415 22       		.byte	34
 1075 0416 A8       		.byte	-88
 1076 0417 04       		.byte	4
 1077 0418 A9       		.byte	-87
 1078 0419 01       		.byte	1
 1079 041a AD       		.byte	-83
 1080 041b 10       		.byte	16
 1081 041c AE       		.byte	-82
 1082 041d 80       		.byte	-128
 1083 041e B1       		.byte	-79
ARM GAS  C:\Users\USER\AppData\Local\Temp\ccQ2JMks.s 			page 20


 1084 041f 20       		.byte	32
 1085 0420 B3       		.byte	-77
 1086 0421 02       		.byte	2
 1087 0422 C0       		.byte	-64
 1088 0423 7E       		.byte	126
 1089 0424 C2       		.byte	-62
 1090 0425 70       		.byte	112
 1091 0426 C4       		.byte	-60
 1092 0427 F2       		.byte	-14
 1093 0428 CA       		.byte	-54
 1094 0429 22       		.byte	34
 1095 042a CC       		.byte	-52
 1096 042b 8E       		.byte	-114
 1097 042c CE       		.byte	-50
 1098 042d 9E       		.byte	-98
 1099 042e D0       		.byte	-48
 1100 042f 02       		.byte	2
 1101 0430 D2       		.byte	-46
 1102 0431 0C       		.byte	12
 1103 0432 D6       		.byte	-42
 1104 0433 80       		.byte	-128
 1105 0434 D8       		.byte	-40
 1106 0435 BE       		.byte	-66
 1107 0436 EC       		.byte	-20
 1108 0437 20       		.byte	32
 1109 0438 33       		.byte	51
 1110 0439 80       		.byte	-128
 1111 043a 3F       		.byte	63
 1112 043b 40       		.byte	64
 1113 043c CC       		.byte	-52
 1114 043d 10       		.byte	16
 1115 043e CE       		.byte	-50
 1116 043f 20       		.byte	32
 1117 0440 97       		.byte	-105
 1118 0441 40       		.byte	64
 1119 0442 A7       		.byte	-89
 1120 0443 80       		.byte	-128
 1121 0444 97       		.byte	-105
 1122 0445 40       		.byte	64
 1123 0446 A7       		.byte	-89
 1124 0447 80       		.byte	-128
 1125 0448 97       		.byte	-105
 1126 0449 40       		.byte	64
 1127 044a A7       		.byte	-89
 1128 044b 80       		.byte	-128
 1129 044c 0D       		.byte	13
 1130 044d 04       		.byte	4
 1131 044e 52       		.byte	82
 1132 044f 20       		.byte	32
 1133 0450 5C       		.byte	92
 1134 0451 02       		.byte	2
 1135 0452 C2       		.byte	-62
 1136 0453 04       		.byte	4
 1137 0454 D4       		.byte	-44
 1138 0455 04       		.byte	4
 1139 0456 D6       		.byte	-42
 1140 0457 01       		.byte	1
ARM GAS  C:\Users\USER\AppData\Local\Temp\ccQ2JMks.s 			page 21


 1141 0458 89       		.byte	-119
 1142 0459 04       		.byte	4
 1143 045a 91       		.byte	-111
 1144 045b 08       		.byte	8
 1145 045c 9C       		.byte	-100
 1146 045d 02       		.byte	2
 1147 045e AA       		.byte	-86
 1148 045f 20       		.byte	32
 1149 0460 E6       		.byte	-26
 1150 0461 01       		.byte	1
 1151 0462 30       		.byte	48
 1152 0463 20       		.byte	32
 1153 0464 B4       		.byte	-76
 1154 0465 02       		.byte	2
 1155 0466 CC       		.byte	-52
 1156 0467 08       		.byte	8
 1157 0468 E8       		.byte	-24
 1158 0469 08       		.byte	8
 1159 046a 20       		.byte	32
 1160 046b 80       		.byte	-128
 1161 046c 23       		.byte	35
 1162 046d 40       		.byte	64
 1163 046e 87       		.byte	-121
 1164 046f 80       		.byte	-128
 1165 0470 97       		.byte	-105
 1166 0471 40       		.byte	64
 1167 0472 A7       		.byte	-89
 1168 0473 80       		.byte	-128
 1169 0474 C8       		.byte	-56
 1170 0475 40       		.byte	64
 1171 0476 E6       		.byte	-26
 1172 0477 10       		.byte	16
 1173 0478 09       		.byte	9
 1174 0479 20       		.byte	32
 1175 047a 62       		.byte	98
 1176 047b 04       		.byte	4
 1177 047c 81       		.byte	-127
 1178 047d 20       		.byte	32
 1179 047e 8E       		.byte	-114
 1180 047f 04       		.byte	4
 1181 0480 B0       		.byte	-80
 1182 0481 40       		.byte	64
 1183 0482 C2       		.byte	-62
 1184 0483 40       		.byte	64
 1185 0484 D8       		.byte	-40
 1186 0485 40       		.byte	64
 1187 0486 E0       		.byte	-32
 1188 0487 20       		.byte	32
 1189 0488 A4       		.byte	-92
 1190 0489 20       		.byte	32
 1191 048a B0       		.byte	-80
 1192 048b 20       		.byte	32
 1193 048c EC       		.byte	-20
 1194 048d 04       		.byte	4
 1195 048e 00       		.byte	0
 1196 048f 05       		.byte	5
 1197 0490 0A       		.byte	10
ARM GAS  C:\Users\USER\AppData\Local\Temp\ccQ2JMks.s 			page 22


 1198 0491 05       		.byte	5
 1199 0492 10       		.byte	16
 1200 0493 05       		.byte	5
 1201 0494 1A       		.byte	26
 1202 0495 05       		.byte	5
 1203 0496 00       		.byte	0
 1204 0497 03       		.byte	3
 1205 0498 10       		.byte	16
 1206 0499 02       		.byte	2
 1207 049a 00       		.byte	0
 1208 049b 00       		.byte	0
 1209 049c 60       		.byte	96
 1210 049d 9A       		.byte	-102
 1211 049e 00       		.byte	0
 1212 049f 00       		.byte	0
 1213 04a0 00       		.byte	0
 1214 04a1 98       		.byte	-104
 1215 04a2 00       		.byte	0
 1216 04a3 02       		.byte	2
 1217 04a4 01       		.byte	1
 1218 04a5 02       		.byte	2
 1219 04a6 00       		.byte	0
 1220 04a7 98       		.byte	-104
 1221 04a8 56       		.byte	86
 1222 04a9 98       		.byte	-104
 1223 04aa 09       		.byte	9
 1224 04ab 02       		.byte	2
 1225 04ac 04       		.byte	4
 1226 04ad 38       		.byte	56
 1227 04ae 80       		.byte	-128
 1228 04af C0       		.byte	-64
 1229 04b0 0A       		.byte	10
 1230 04b1 21       		.byte	33
 1231 04b2 10       		.byte	16
 1232 04b3 D8       		.byte	-40
 1233 04b4 07       		.byte	7
 1234 04b5 13       		.byte	19
 1235 04b6 38       		.byte	56
 1236 04b7 64       		.byte	100
 1237 04b8 84       		.byte	-124
 1238 04b9 9A       		.byte	-102
 1239 04ba 00       		.byte	0
 1240 04bb 00       		.byte	0
 1241 04bc 84       		.byte	-124
 1242 04bd FC       		.byte	-4
 1243 04be 00       		.byte	0
 1244 04bf 03       		.byte	3
 1245 04c0 84       		.byte	-124
 1246 04c1 00       		.byte	0
 1247 04c2 00       		.byte	0
 1248 04c3 00       		.byte	0
 1249 04c4 80       		.byte	-128
 1250 04c5 00       		.byte	0
 1251 04c6 04       		.byte	4
 1252 04c7 00       		.byte	0
 1253 04c8 04       		.byte	4
 1254 04c9 02       		.byte	2
ARM GAS  C:\Users\USER\AppData\Local\Temp\ccQ2JMks.s 			page 23


 1255 04ca 00       		.byte	0
 1256 04cb 00       		.byte	0
 1257 04cc 08       		.byte	8
 1258 04cd E0       		.byte	-32
 1259 04ce 7F       		.byte	127
 1260 04cf 0F       		.byte	15
 1261 04d0 80       		.byte	-128
 1262 04d1 13       		.byte	19
 1263 04d2 02       		.byte	2
 1264 04d3 00       		.byte	0
 1265 04d4 08       		.byte	8
 1266 04d5 00       		.byte	0
 1267 04d6 00       		.byte	0
 1268 04d7 0A       		.byte	10
 1269 04d8 00       		.byte	0
 1270 04d9 00       		.byte	0
 1271 04da 51       		.byte	81
 1272 04db 00       		.byte	0
 1273 04dc 34       		.byte	52
 1274 04dd 06       		.byte	6
 1275 04de 20       		.byte	32
 1276 04df 00       		.byte	0
 1277 04e0 05       		.byte	5
 1278 04e1 BE       		.byte	-66
 1279 04e2 FC       		.byte	-4
 1280 04e3 0D       		.byte	13
 1281 04e4 1F       		.byte	31
 1282 04e5 FF       		.byte	-1
 1283 04e6 FF       		.byte	-1
 1284 04e7 FF       		.byte	-1
 1285 04e8 22       		.byte	34
 1286 04e9 00       		.byte	0
 1287 04ea F0       		.byte	-16
 1288 04eb 08       		.byte	8
 1289 04ec 04       		.byte	4
 1290 04ed 00       		.byte	0
 1291 04ee 00       		.byte	0
 1292 04ef 00       		.byte	0
 1293 04f0 00       		.byte	0
 1294 04f1 00       		.byte	0
 1295 04f2 02       		.byte	2
 1296 04f3 2C       		.byte	44
 1297 04f4 04       		.byte	4
 1298 04f5 04       		.byte	4
 1299 04f6 04       		.byte	4
 1300 04f7 04       		.byte	4
 1301 04f8 00       		.byte	0
 1302 04f9 00       		.byte	0
 1303 04fa 00       		.byte	0
 1304 04fb 01       		.byte	1
 1305 04fc 00       		.byte	0
 1306 04fd 00       		.byte	0
 1307 04fe C0       		.byte	-64
 1308 04ff 00       		.byte	0
 1309 0500 40       		.byte	64
 1310 0501 01       		.byte	1
 1311 0502 10       		.byte	16
ARM GAS  C:\Users\USER\AppData\Local\Temp\ccQ2JMks.s 			page 24


 1312 0503 11       		.byte	17
 1313 0504 C0       		.byte	-64
 1314 0505 01       		.byte	1
 1315 0506 00       		.byte	0
 1316 0507 11       		.byte	17
 1317 0508 40       		.byte	64
 1318 0509 01       		.byte	1
 1319 050a 40       		.byte	64
 1320 050b 01       		.byte	1
 1321 050c 00       		.byte	0
 1322 050d 00       		.byte	0
 1323 050e 00       		.byte	0
 1324 050f 00       		.byte	0
 1325 0510 00       		.byte	0
 1326 0511 00       		.byte	0
 1327 0512 00       		.byte	0
 1328 0513 00       		.byte	0
 1329 0514 00       		.byte	0
 1330 0515 00       		.byte	0
 1331 0516 00       		.byte	0
 1332 0517 00       		.byte	0
 1333 0518 00       		.byte	0
 1334 0519 00       		.byte	0
 1335 051a 00       		.byte	0
 1336 051b 00       		.byte	0
 1337 051c 03       		.byte	3
 1338 051d 00       		.byte	0
 1339 051e 00       		.byte	0
 1340 051f 04       		.byte	4
 1341 0520 0C       		.byte	12
 1342 0521 08       		.byte	8
 1343 0522 13       		.byte	19
 1344 0523 00       		.byte	0
 1345 0524 13       		.byte	19
 1346 0525 27       		.byte	39
 1347 0526 0C       		.byte	12
 1348 0527 18       		.byte	24
 1349 0528 1F       		.byte	31
 1350 0529 04       		.byte	4
 1351 052a 00       		.byte	0
 1352 052b 80       		.byte	-128
 1353 052c 01       		.byte	1
 1354 052d 3F       		.byte	63
 1355 052e 00       		.byte	0
 1356 052f 00       		.byte	0
 1357 0530 00       		.byte	0
 1358 0531 00       		.byte	0
 1359 0532 13       		.byte	19
 1360 0533 23       		.byte	35
 1361 0534 02       		.byte	2
 1362 0535 18       		.byte	24
 1363 0536 00       		.byte	0
 1364 0537 00       		.byte	0
 1365 0538 08       		.byte	8
 1366 0539 1C       		.byte	28
 1367 053a 00       		.byte	0
 1368 053b 21       		.byte	33
ARM GAS  C:\Users\USER\AppData\Local\Temp\ccQ2JMks.s 			page 25


 1369 053c 0F       		.byte	15
 1370 053d 10       		.byte	16
 1371 053e 10       		.byte	16
 1372 053f 00       		.byte	0
 1373 0540 04       		.byte	4
 1374 0541 00       		.byte	0
 1375 0542 00       		.byte	0
 1376 0543 80       		.byte	-128
 1377 0544 0C       		.byte	12
 1378 0545 3C       		.byte	60
 1379 0546 00       		.byte	0
 1380 0547 02       		.byte	2
 1381 0548 00       		.byte	0
 1382 0549 00       		.byte	0
 1383 054a 00       		.byte	0
 1384 054b 40       		.byte	64
 1385 054c 00       		.byte	0
 1386 054d C0       		.byte	-64
 1387 054e 0F       		.byte	15
 1388 054f 00       		.byte	0
 1389 0550 1C       		.byte	28
 1390 0551 1F       		.byte	31
 1391 0552 00       		.byte	0
 1392 0553 38       		.byte	56
 1393 0554 00       		.byte	0
 1394 0555 00       		.byte	0
 1395 0556 28       		.byte	40
 1396 0557 20       		.byte	32
 1397 0558 00       		.byte	0
 1398 0559 00       		.byte	0
 1399 055a 00       		.byte	0
 1400 055b 01       		.byte	1
 1401 055c 23       		.byte	35
 1402 055d 05       		.byte	5
 1403 055e 04       		.byte	4
 1404 055f 00       		.byte	0
 1405 0560 01       		.byte	1
 1406 0561 00       		.byte	0
 1407 0562 00       		.byte	0
 1408 0563 EC       		.byte	-20
 1409 0564 30       		.byte	48
 1410 0565 FF       		.byte	-1
 1411 0566 FF       		.byte	-1
 1412 0567 FF       		.byte	-1
 1413 0568 62       		.byte	98
 1414 0569 A0       		.byte	-96
 1415 056a F0       		.byte	-16
 1416 056b 41       		.byte	65
 1417 056c 0C       		.byte	12
 1418 056d 00       		.byte	0
 1419 056e 00       		.byte	0
 1420 056f 00       		.byte	0
 1421 0570 00       		.byte	0
 1422 0571 00       		.byte	0
 1423 0572 00       		.byte	0
 1424 0573 00       		.byte	0
 1425 0574 04       		.byte	4
ARM GAS  C:\Users\USER\AppData\Local\Temp\ccQ2JMks.s 			page 26


 1426 0575 04       		.byte	4
 1427 0576 04       		.byte	4
 1428 0577 00       		.byte	0
 1429 0578 22       		.byte	34
 1430 0579 02       		.byte	2
 1431 057a 00       		.byte	0
 1432 057b 01       		.byte	1
 1433 057c 00       		.byte	0
 1434 057d 00       		.byte	0
 1435 057e 00       		.byte	0
 1436 057f 00       		.byte	0
 1437 0580 00       		.byte	0
 1438 0581 00       		.byte	0
 1439 0582 40       		.byte	64
 1440 0583 02       		.byte	2
 1441 0584 00       		.byte	0
 1442 0585 10       		.byte	16
 1443 0586 30       		.byte	48
 1444 0587 10       		.byte	16
 1445 0588 00       		.byte	0
 1446 0589 10       		.byte	16
 1447 058a 10       		.byte	16
 1448 058b 12       		.byte	18
 1449 058c 00       		.byte	0
 1450 058d 00       		.byte	0
 1451 058e 00       		.byte	0
 1452 058f 00       		.byte	0
 1453 0590 00       		.byte	0
 1454 0591 00       		.byte	0
 1455 0592 00       		.byte	0
 1456 0593 00       		.byte	0
 1457 0594 00       		.byte	0
 1458 0595 00       		.byte	0
 1459 0596 00       		.byte	0
 1460 0597 00       		.byte	0
 1461 0598 00       		.byte	0
 1462 0599 00       		.byte	0
 1463 059a 00       		.byte	0
 1464 059b 00       		.byte	0
 1465 059c 00       		.byte	0
 1466 059d 00       		.byte	0
 1467 059e 00       		.byte	0
 1468 059f 00       		.byte	0
 1469 05a0 00       		.byte	0
 1470 05a1 00       		.byte	0
 1471 05a2 02       		.byte	2
 1472 05a3 00       		.byte	0
 1473 05a4 00       		.byte	0
 1474 05a5 0B       		.byte	11
 1475 05a6 0B       		.byte	11
 1476 05a7 00       		.byte	0
 1477 05a8 00       		.byte	0
 1478 05a9 00       		.byte	0
 1479 05aa 00       		.byte	0
 1480 05ab 00       		.byte	0
 1481 05ac 20       		.byte	32
 1482 05ad 1E       		.byte	30
ARM GAS  C:\Users\USER\AppData\Local\Temp\ccQ2JMks.s 			page 27


 1483 05ae 1E       		.byte	30
 1484 05af 00       		.byte	0
 1485 05b0 18       		.byte	24
 1486 05b1 00       		.byte	0
 1487 05b2 00       		.byte	0
 1488 05b3 00       		.byte	0
 1489 05b4 82       		.byte	-126
 1490 05b5 00       		.byte	0
 1491 05b6 40       		.byte	64
 1492 05b7 83       		.byte	-125
 1493 05b8 81       		.byte	-127
 1494 05b9 00       		.byte	0
 1495 05ba 80       		.byte	-128
 1496 05bb 00       		.byte	0
 1497 05bc 00       		.byte	0
 1498 05bd 00       		.byte	0
 1499 05be 00       		.byte	0
 1500 05bf 00       		.byte	0
 1501              		.section	.cywolatch,"a",%progbits
 1502              		.align	2
 1503              		.type	cy_meta_wonvl, %object
 1504              		.size	cy_meta_wonvl, 4
 1505              	cy_meta_wonvl:
 1506 0000 BC       		.byte	-68
 1507 0001 90       		.byte	-112
 1508 0002 AC       		.byte	-84
 1509 0003 AF       		.byte	-81
 1510              		.section	.cycustnvl,"a",%progbits
 1511              		.align	2
 1512              		.type	cy_meta_custnvl, %object
 1513              		.size	cy_meta_custnvl, 4
 1514              	cy_meta_custnvl:
 1515 0000 00       		.byte	0
 1516 0001 00       		.byte	0
 1517 0002 40       		.byte	64
 1518 0003 05       		.byte	5
 1519              		.section	.cymeta,"a",%progbits
 1520              		.align	2
 1521              		.type	cy_metadata, %object
 1522              		.size	cy_metadata, 12
 1523              	cy_metadata:
 1524 0000 00       		.byte	0
 1525 0001 01       		.byte	1
 1526 0002 2E       		.byte	46
 1527 0003 16       		.byte	22
 1528 0004 10       		.byte	16
 1529 0005 69       		.byte	105
 1530 0006 00       		.byte	0
 1531 0007 01       		.byte	1
 1532 0008 00       		.byte	0
 1533 0009 00       		.byte	0
 1534 000a 00       		.byte	0
 1535 000b 00       		.byte	0
 1536              		.section	.cyflashprotect,"a",%progbits
 1537              		.align	2
 1538              		.type	cy_meta_flashprotect, %object
 1539              		.size	cy_meta_flashprotect, 256
ARM GAS  C:\Users\USER\AppData\Local\Temp\ccQ2JMks.s 			page 28


 1540              	cy_meta_flashprotect:
 1541 0000 00000000 		.space	256
 1541      00000000 
 1541      00000000 
 1541      00000000 
 1541      00000000 
 1542              		.text
 1543              	.Letext0:
 1544              		.file 1 "c:\\program files (x86)\\cypress\\psoc creator\\4.2\\psoc creator\\import\\gnu\\arm\\5.4.
 1545              		.file 2 "c:\\program files (x86)\\cypress\\psoc creator\\4.2\\psoc creator\\import\\gnu\\arm\\5.4.
 1546              		.file 3 "Generated_Source\\PSoC5\\cymetadata.c"
 1547              		.section	.debug_info,"",%progbits
 1548              	.Ldebug_info0:
 1549 0000 33010000 		.4byte	0x133
 1550 0004 0400     		.2byte	0x4
 1551 0006 00000000 		.4byte	.Ldebug_abbrev0
 1552 000a 04       		.byte	0x4
 1553 000b 01       		.uleb128 0x1
 1554 000c 24000000 		.4byte	.LASF17
 1555 0010 0C       		.byte	0xc
 1556 0011 9D010000 		.4byte	.LASF18
 1557 0015 D7000000 		.4byte	.LASF19
 1558 0019 00000000 		.4byte	.Ldebug_line0
 1559 001d 02       		.uleb128 0x2
 1560 001e 01       		.byte	0x1
 1561 001f 06       		.byte	0x6
 1562 0020 91010000 		.4byte	.LASF0
 1563 0024 03       		.uleb128 0x3
 1564 0025 00000000 		.4byte	.LASF9
 1565 0029 01       		.byte	0x1
 1566 002a 1D       		.byte	0x1d
 1567 002b 2F000000 		.4byte	0x2f
 1568 002f 02       		.uleb128 0x2
 1569 0030 01       		.byte	0x1
 1570 0031 08       		.byte	0x8
 1571 0032 16000000 		.4byte	.LASF1
 1572 0036 02       		.uleb128 0x2
 1573 0037 02       		.byte	0x2
 1574 0038 05       		.byte	0x5
 1575 0039 7E010000 		.4byte	.LASF2
 1576 003d 02       		.uleb128 0x2
 1577 003e 02       		.byte	0x2
 1578 003f 07       		.byte	0x7
 1579 0040 C4000000 		.4byte	.LASF3
 1580 0044 02       		.uleb128 0x2
 1581 0045 04       		.byte	0x4
 1582 0046 05       		.byte	0x5
 1583 0047 88010000 		.4byte	.LASF4
 1584 004b 02       		.uleb128 0x2
 1585 004c 04       		.byte	0x4
 1586 004d 07       		.byte	0x7
 1587 004e B2000000 		.4byte	.LASF5
 1588 0052 02       		.uleb128 0x2
 1589 0053 08       		.byte	0x8
 1590 0054 05       		.byte	0x5
 1591 0055 70010000 		.4byte	.LASF6
 1592 0059 02       		.uleb128 0x2
ARM GAS  C:\Users\USER\AppData\Local\Temp\ccQ2JMks.s 			page 29


 1593 005a 08       		.byte	0x8
 1594 005b 07       		.byte	0x7
 1595 005c 25010000 		.4byte	.LASF7
 1596 0060 04       		.uleb128 0x4
 1597 0061 04       		.byte	0x4
 1598 0062 05       		.byte	0x5
 1599 0063 696E7400 		.ascii	"int\000"
 1600 0067 02       		.uleb128 0x2
 1601 0068 04       		.byte	0x4
 1602 0069 07       		.byte	0x7
 1603 006a 18010000 		.4byte	.LASF8
 1604 006e 03       		.uleb128 0x3
 1605 006f 3C010000 		.4byte	.LASF10
 1606 0073 02       		.byte	0x2
 1607 0074 18       		.byte	0x18
 1608 0075 24000000 		.4byte	0x24
 1609 0079 05       		.uleb128 0x5
 1610 007a 91000000 		.4byte	0x91
 1611 007e 8A000000 		.4byte	0x8a
 1612 0082 06       		.uleb128 0x6
 1613 0083 8A000000 		.4byte	0x8a
 1614 0087 BF05     		.2byte	0x5bf
 1615 0089 00       		.byte	0
 1616 008a 02       		.uleb128 0x2
 1617 008b 04       		.byte	0x4
 1618 008c 07       		.byte	0x7
 1619 008d 67010000 		.4byte	.LASF11
 1620 0091 07       		.uleb128 0x7
 1621 0092 6E000000 		.4byte	0x6e
 1622 0096 08       		.uleb128 0x8
 1623 0097 06010000 		.4byte	.LASF12
 1624 009b 03       		.byte	0x3
 1625 009c 1F       		.byte	0x1f
 1626 009d A7000000 		.4byte	0xa7
 1627 00a1 05       		.uleb128 0x5
 1628 00a2 03       		.byte	0x3
 1629 00a3 00000000 		.4byte	cy_meta_configecc
 1630 00a7 07       		.uleb128 0x7
 1631 00a8 79000000 		.4byte	0x79
 1632 00ac 05       		.uleb128 0x5
 1633 00ad 91000000 		.4byte	0x91
 1634 00b1 BC000000 		.4byte	0xbc
 1635 00b5 09       		.uleb128 0x9
 1636 00b6 8A000000 		.4byte	0x8a
 1637 00ba 03       		.byte	0x3
 1638 00bb 00       		.byte	0
 1639 00bc 08       		.uleb128 0x8
 1640 00bd F6000000 		.4byte	.LASF13
 1641 00c1 03       		.byte	0x3
 1642 00c2 E4       		.byte	0xe4
 1643 00c3 CD000000 		.4byte	0xcd
 1644 00c7 05       		.uleb128 0x5
 1645 00c8 03       		.byte	0x3
 1646 00c9 00000000 		.4byte	cy_meta_custnvl
 1647 00cd 07       		.uleb128 0x7
 1648 00ce AC000000 		.4byte	0xac
 1649 00d2 08       		.uleb128 0x8
ARM GAS  C:\Users\USER\AppData\Local\Temp\ccQ2JMks.s 			page 30


 1650 00d3 59010000 		.4byte	.LASF14
 1651 00d7 03       		.byte	0x3
 1652 00d8 F2       		.byte	0xf2
 1653 00d9 E3000000 		.4byte	0xe3
 1654 00dd 05       		.uleb128 0x5
 1655 00de 03       		.byte	0x3
 1656 00df 00000000 		.4byte	cy_meta_wonvl
 1657 00e3 07       		.uleb128 0x7
 1658 00e4 AC000000 		.4byte	0xac
 1659 00e8 05       		.uleb128 0x5
 1660 00e9 91000000 		.4byte	0x91
 1661 00ed F8000000 		.4byte	0xf8
 1662 00f1 09       		.uleb128 0x9
 1663 00f2 8A000000 		.4byte	0x8a
 1664 00f6 FF       		.byte	0xff
 1665 00f7 00       		.byte	0
 1666 00f8 0A       		.uleb128 0xa
 1667 00f9 44010000 		.4byte	.LASF15
 1668 00fd 03       		.byte	0x3
 1669 00fe 0001     		.2byte	0x100
 1670 0100 0A010000 		.4byte	0x10a
 1671 0104 05       		.uleb128 0x5
 1672 0105 03       		.byte	0x3
 1673 0106 00000000 		.4byte	cy_meta_flashprotect
 1674 010a 07       		.uleb128 0x7
 1675 010b E8000000 		.4byte	0xe8
 1676 010f 05       		.uleb128 0x5
 1677 0110 91000000 		.4byte	0x91
 1678 0114 1F010000 		.4byte	0x11f
 1679 0118 09       		.uleb128 0x9
 1680 0119 8A000000 		.4byte	0x8a
 1681 011d 0B       		.byte	0xb
 1682 011e 00       		.byte	0
 1683 011f 0A       		.uleb128 0xa
 1684 0120 0A000000 		.4byte	.LASF16
 1685 0124 03       		.byte	0x3
 1686 0125 2D01     		.2byte	0x12d
 1687 0127 31010000 		.4byte	0x131
 1688 012b 05       		.uleb128 0x5
 1689 012c 03       		.byte	0x3
 1690 012d 00000000 		.4byte	cy_metadata
 1691 0131 07       		.uleb128 0x7
 1692 0132 0F010000 		.4byte	0x10f
 1693 0136 00       		.byte	0
 1694              		.section	.debug_abbrev,"",%progbits
 1695              	.Ldebug_abbrev0:
 1696 0000 01       		.uleb128 0x1
 1697 0001 11       		.uleb128 0x11
 1698 0002 01       		.byte	0x1
 1699 0003 25       		.uleb128 0x25
 1700 0004 0E       		.uleb128 0xe
 1701 0005 13       		.uleb128 0x13
 1702 0006 0B       		.uleb128 0xb
 1703 0007 03       		.uleb128 0x3
 1704 0008 0E       		.uleb128 0xe
 1705 0009 1B       		.uleb128 0x1b
 1706 000a 0E       		.uleb128 0xe
ARM GAS  C:\Users\USER\AppData\Local\Temp\ccQ2JMks.s 			page 31


 1707 000b 10       		.uleb128 0x10
 1708 000c 17       		.uleb128 0x17
 1709 000d 00       		.byte	0
 1710 000e 00       		.byte	0
 1711 000f 02       		.uleb128 0x2
 1712 0010 24       		.uleb128 0x24
 1713 0011 00       		.byte	0
 1714 0012 0B       		.uleb128 0xb
 1715 0013 0B       		.uleb128 0xb
 1716 0014 3E       		.uleb128 0x3e
 1717 0015 0B       		.uleb128 0xb
 1718 0016 03       		.uleb128 0x3
 1719 0017 0E       		.uleb128 0xe
 1720 0018 00       		.byte	0
 1721 0019 00       		.byte	0
 1722 001a 03       		.uleb128 0x3
 1723 001b 16       		.uleb128 0x16
 1724 001c 00       		.byte	0
 1725 001d 03       		.uleb128 0x3
 1726 001e 0E       		.uleb128 0xe
 1727 001f 3A       		.uleb128 0x3a
 1728 0020 0B       		.uleb128 0xb
 1729 0021 3B       		.uleb128 0x3b
 1730 0022 0B       		.uleb128 0xb
 1731 0023 49       		.uleb128 0x49
 1732 0024 13       		.uleb128 0x13
 1733 0025 00       		.byte	0
 1734 0026 00       		.byte	0
 1735 0027 04       		.uleb128 0x4
 1736 0028 24       		.uleb128 0x24
 1737 0029 00       		.byte	0
 1738 002a 0B       		.uleb128 0xb
 1739 002b 0B       		.uleb128 0xb
 1740 002c 3E       		.uleb128 0x3e
 1741 002d 0B       		.uleb128 0xb
 1742 002e 03       		.uleb128 0x3
 1743 002f 08       		.uleb128 0x8
 1744 0030 00       		.byte	0
 1745 0031 00       		.byte	0
 1746 0032 05       		.uleb128 0x5
 1747 0033 01       		.uleb128 0x1
 1748 0034 01       		.byte	0x1
 1749 0035 49       		.uleb128 0x49
 1750 0036 13       		.uleb128 0x13
 1751 0037 01       		.uleb128 0x1
 1752 0038 13       		.uleb128 0x13
 1753 0039 00       		.byte	0
 1754 003a 00       		.byte	0
 1755 003b 06       		.uleb128 0x6
 1756 003c 21       		.uleb128 0x21
 1757 003d 00       		.byte	0
 1758 003e 49       		.uleb128 0x49
 1759 003f 13       		.uleb128 0x13
 1760 0040 2F       		.uleb128 0x2f
 1761 0041 05       		.uleb128 0x5
 1762 0042 00       		.byte	0
 1763 0043 00       		.byte	0
ARM GAS  C:\Users\USER\AppData\Local\Temp\ccQ2JMks.s 			page 32


 1764 0044 07       		.uleb128 0x7
 1765 0045 26       		.uleb128 0x26
 1766 0046 00       		.byte	0
 1767 0047 49       		.uleb128 0x49
 1768 0048 13       		.uleb128 0x13
 1769 0049 00       		.byte	0
 1770 004a 00       		.byte	0
 1771 004b 08       		.uleb128 0x8
 1772 004c 34       		.uleb128 0x34
 1773 004d 00       		.byte	0
 1774 004e 03       		.uleb128 0x3
 1775 004f 0E       		.uleb128 0xe
 1776 0050 3A       		.uleb128 0x3a
 1777 0051 0B       		.uleb128 0xb
 1778 0052 3B       		.uleb128 0x3b
 1779 0053 0B       		.uleb128 0xb
 1780 0054 49       		.uleb128 0x49
 1781 0055 13       		.uleb128 0x13
 1782 0056 3F       		.uleb128 0x3f
 1783 0057 19       		.uleb128 0x19
 1784 0058 02       		.uleb128 0x2
 1785 0059 18       		.uleb128 0x18
 1786 005a 00       		.byte	0
 1787 005b 00       		.byte	0
 1788 005c 09       		.uleb128 0x9
 1789 005d 21       		.uleb128 0x21
 1790 005e 00       		.byte	0
 1791 005f 49       		.uleb128 0x49
 1792 0060 13       		.uleb128 0x13
 1793 0061 2F       		.uleb128 0x2f
 1794 0062 0B       		.uleb128 0xb
 1795 0063 00       		.byte	0
 1796 0064 00       		.byte	0
 1797 0065 0A       		.uleb128 0xa
 1798 0066 34       		.uleb128 0x34
 1799 0067 00       		.byte	0
 1800 0068 03       		.uleb128 0x3
 1801 0069 0E       		.uleb128 0xe
 1802 006a 3A       		.uleb128 0x3a
 1803 006b 0B       		.uleb128 0xb
 1804 006c 3B       		.uleb128 0x3b
 1805 006d 05       		.uleb128 0x5
 1806 006e 49       		.uleb128 0x49
 1807 006f 13       		.uleb128 0x13
 1808 0070 3F       		.uleb128 0x3f
 1809 0071 19       		.uleb128 0x19
 1810 0072 02       		.uleb128 0x2
 1811 0073 18       		.uleb128 0x18
 1812 0074 00       		.byte	0
 1813 0075 00       		.byte	0
 1814 0076 00       		.byte	0
 1815              		.section	.debug_aranges,"",%progbits
 1816 0000 14000000 		.4byte	0x14
 1817 0004 0200     		.2byte	0x2
 1818 0006 00000000 		.4byte	.Ldebug_info0
 1819 000a 04       		.byte	0x4
 1820 000b 00       		.byte	0
ARM GAS  C:\Users\USER\AppData\Local\Temp\ccQ2JMks.s 			page 33


 1821 000c 0000     		.2byte	0
 1822 000e 0000     		.2byte	0
 1823 0010 00000000 		.4byte	0
 1824 0014 00000000 		.4byte	0
 1825              		.section	.debug_line,"",%progbits
 1826              	.Ldebug_line0:
 1827 0000 3D010000 		.section	.debug_str,"MS",%progbits,1
 1827      02003701 
 1827      00000201 
 1827      FB0E0D00 
 1827      01010101 
 1828              	.LASF9:
 1829 0000 5F5F7569 		.ascii	"__uint8_t\000"
 1829      6E74385F 
 1829      7400
 1830              	.LASF16:
 1831 000a 63795F6D 		.ascii	"cy_metadata\000"
 1831      65746164 
 1831      61746100 
 1832              	.LASF1:
 1833 0016 756E7369 		.ascii	"unsigned char\000"
 1833      676E6564 
 1833      20636861 
 1833      7200
 1834              	.LASF17:
 1835 0024 474E5520 		.ascii	"GNU C11 5.4.1 20160609 (release) [ARM/embedded-5-br"
 1835      43313120 
 1835      352E342E 
 1835      31203230 
 1835      31363036 
 1836 0057 616E6368 		.ascii	"anch revision 237715] -mcpu=cortex-m3 -mthumb -g -O"
 1836      20726576 
 1836      6973696F 
 1836      6E203233 
 1836      37373135 
 1837 008a 67202D66 		.ascii	"g -ffunction-sections -ffat-lto-objects\000"
 1837      66756E63 
 1837      74696F6E 
 1837      2D736563 
 1837      74696F6E 
 1838              	.LASF5:
 1839 00b2 6C6F6E67 		.ascii	"long unsigned int\000"
 1839      20756E73 
 1839      69676E65 
 1839      6420696E 
 1839      7400
 1840              	.LASF3:
 1841 00c4 73686F72 		.ascii	"short unsigned int\000"
 1841      7420756E 
 1841      7369676E 
 1841      65642069 
 1841      6E7400
 1842              	.LASF19:
 1843 00d7 473A5C52 		.ascii	"G:\\RxSinRuio\\00_Basic_Rx.cydsn\000"
 1843      7853696E 
 1843      5275696F 
 1843      5C30305F 
ARM GAS  C:\Users\USER\AppData\Local\Temp\ccQ2JMks.s 			page 34


 1843      42617369 
 1844              	.LASF13:
 1845 00f6 63795F6D 		.ascii	"cy_meta_custnvl\000"
 1845      6574615F 
 1845      63757374 
 1845      6E766C00 
 1846              	.LASF12:
 1847 0106 63795F6D 		.ascii	"cy_meta_configecc\000"
 1847      6574615F 
 1847      636F6E66 
 1847      69676563 
 1847      6300
 1848              	.LASF8:
 1849 0118 756E7369 		.ascii	"unsigned int\000"
 1849      676E6564 
 1849      20696E74 
 1849      00
 1850              	.LASF7:
 1851 0125 6C6F6E67 		.ascii	"long long unsigned int\000"
 1851      206C6F6E 
 1851      6720756E 
 1851      7369676E 
 1851      65642069 
 1852              	.LASF10:
 1853 013c 75696E74 		.ascii	"uint8_t\000"
 1853      385F7400 
 1854              	.LASF15:
 1855 0144 63795F6D 		.ascii	"cy_meta_flashprotect\000"
 1855      6574615F 
 1855      666C6173 
 1855      6870726F 
 1855      74656374 
 1856              	.LASF14:
 1857 0159 63795F6D 		.ascii	"cy_meta_wonvl\000"
 1857      6574615F 
 1857      776F6E76 
 1857      6C00
 1858              	.LASF11:
 1859 0167 73697A65 		.ascii	"sizetype\000"
 1859      74797065 
 1859      00
 1860              	.LASF6:
 1861 0170 6C6F6E67 		.ascii	"long long int\000"
 1861      206C6F6E 
 1861      6720696E 
 1861      7400
 1862              	.LASF2:
 1863 017e 73686F72 		.ascii	"short int\000"
 1863      7420696E 
 1863      7400
 1864              	.LASF4:
 1865 0188 6C6F6E67 		.ascii	"long int\000"
 1865      20696E74 
 1865      00
 1866              	.LASF0:
 1867 0191 7369676E 		.ascii	"signed char\000"
 1867      65642063 
ARM GAS  C:\Users\USER\AppData\Local\Temp\ccQ2JMks.s 			page 35


 1867      68617200 
 1868              	.LASF18:
 1869 019d 47656E65 		.ascii	"Generated_Source\\PSoC5\\cymetadata.c\000"
 1869      72617465 
 1869      645F536F 
 1869      75726365 
 1869      5C50536F 
 1870              		.ident	"GCC: (GNU Tools for ARM Embedded Processors) 5.4.1 20160609 (release) [ARM/embedded-5-bran
